-------------------------------------
Beginning Export of all Source
BTPlan_Multi_field_jetzt_Time_Picker1.accdb
VCS Version 3.4.15
Using Fast Save
21.08.2021 00:21:18
-------------------------------------
-------------------------------------
Exporting project...          
  BTPlan_Multi_field_jetzt_Time_Picker1.accdb
[1]
-------------------------------------
Exporting vb project...       
  BTPlan
[1]
-------------------------------------
Exporting vbe references...   
  stdole
[3]
-------------------------------------
No modified vbe forms found in this database.
-------------------------------------
No modified proj properties found in this database.
-------------------------------------
Exporting saved specs...      
  Bewohner für Export
[1]
-------------------------------------
Exporting db properties...    
  Database Properties (DAO)
[33]
-------------------------------------
No modified shared images found in this database.
-------------------------------------
Exporting themes...           
  Office
[1]
-------------------------------------
No modified imex specs found in this database.
-------------------------------------
No modified tables found in this database.
-------------------------------------
Exporting queries...          
  testAbfrage1
    Sanitized in 0,002 seconds.
  testAbfrage1 (SQL)
[1]
-------------------------------------
No modified forms found in this database.
-------------------------------------
No modified macros found in this database.
  Removing orphaned file: Kopie von testAbfrage1.bas
  Removing orphaned file: Kopie von testAbfrage1.json
  Removing orphaned file: testAbfrage1_nericht.bas
  Removing orphaned file: Veranstaltung Abfrage_einspaaltig.bas
-------------------------------------
Exporting reports...          
  Bericht1_der_fastgeht
    Sanitized in 0,006 seconds.
[1]
-------------------------------------
No modified table data found in this database.
-------------------------------------
No modified modules found in this database.
-------------------------------------
No modified table data macros found in this database.
-------------------------------------
Exporting relations...        
  BewohnerVeranstaltung
  OrtVeranstaltung
  PersonalVeranstaltung
  VeranstaltungTagesplan
[4]
-------------------------------------
Exporting doc properties...   
  Database Documents
[2]
-------------------------------------
Exporting nav pane groups...  
  Groups
[1]
-------------------------------------
No modified hidden attributes found in this database.
-------------------------------------
Done. (1,19 seconds)

--------------------------------------------------
                PERFORMANCE REPORTS
--------------------------------------------------
Object Type                   Count     Seconds
--------------------------------------------------
Project                       1         0,01
VB Project                    1         0,01
VBE References                3         0,02
Saved Specs                   1         0,01
DB Properties                 33        0,10
Themes                        1         0,01
Queries                       1         0,02
Reports                       1         0,10
Relations                     4         0,04
Doc Properties                2         0,01
Nav Pane Groups               1         0,01
--------------------------------------------------
TOTALS:                       49        0,32
--------------------------------------------------

--------------------------------------------------
Operations                    Count     Seconds
--------------------------------------------------
Read File                     16        0,00
Parse JSON                    13        0,01
Convert to JSON               499       0,18
Compute SHA256                16        0,00
Console Updates               2         0,77
Compare Dictionary            11        0,00
Get Modified Date             5         0,00
Get File Property Hash        5         0,00
Clear Orphaned                7         0,04
Write File                    5         0,01
Verify Path                   8         0,00
Create Folder                 1         0,00
Export Theme                  1         0,00
App.SaveAsText()              2         0,01
Delete File                   6         0,01
Read File Bytes               3         0,00
Sanitize File                 2         0,01
Save Query SQL                1         0,00
Get VBA Hash                  7         0,00
Read File DevMode             1         0,00
--------------------------------------------------
Other Operations                        0,17
--------------------------------------------------


